2021-01-07 16:17:11,340 - instabot version: 0.117.0 (bot) - INFO - Instabot version: 0.117.0 Started
2021-01-07 16:17:11,341 - instabot version: 0.117.0 (bot) - DEBUG - Bot imported from C:\Users\timoz\AppData\Local\Programs\Python\Python37\lib\site-packages\instabot\bot\bot.py
2021-01-07 16:17:11,341 - instabot version: 0.117.0 (api_login) - INFO - Not yet logged in starting: PRE-LOGIN FLOW!
2021-01-07 16:17:11,762 - instabot version: 0.117.0 (api) - DEBUG - POST to endpoint: accounts/get_prefill_candidates/ returned response: <Response [200]>
2021-01-07 16:17:12,073 - instabot version: 0.117.0 (api) - DEBUG - POST to endpoint: qe/sync/ returned response: <Response [200]>
2021-01-07 16:17:12,443 - instabot version: 0.117.0 (api) - DEBUG - POST to endpoint: launcher/sync/ returned response: <Response [200]>
2021-01-07 16:17:12,796 - instabot version: 0.117.0 (api) - DEBUG - POST to endpoint: accounts/contact_point_prefill/ returned response: <Response [200]>
2021-01-07 16:17:14,802 - instabot version: 0.117.0 (api) - DEBUG - POST to endpoint: accounts/login/ returned response: <Response [200]>
2021-01-07 16:17:14,803 - instabot version: 0.117.0 (api) - INFO - Logged-in successfully as 'urvshawty'!
2021-01-07 16:17:14,804 - instabot version: 0.117.0 (api_login) - INFO - LOGIN FLOW! Just logged-in: True
2021-01-07 16:17:15,203 - instabot version: 0.117.0 (api) - DEBUG - POST to endpoint: qe/sync/ returned response: <Response [200]>
2021-01-07 16:17:15,569 - instabot version: 0.117.0 (api) - DEBUG - POST to endpoint: launcher/sync/ returned response: <Response [200]>
2021-01-07 16:17:15,928 - instabot version: 0.117.0 (api) - DEBUG - GET to endpoint: zr/token/result/?device_id=android-1e84d9294a1eb5d7&token_hash=&custom_device_id=android-1e84d9294a1eb5d7&fetch_reason=token_expired returned response: <Response [200]>
2021-01-07 16:17:16,261 - instabot version: 0.117.0 (api) - DEBUG - GET to endpoint: multiple_accounts/get_account_family/ returned response: <Response [200]>
2021-01-07 16:17:16,682 - instabot version: 0.117.0 (api) - DEBUG - POST to endpoint: qe/sync/ returned response: <Response [200]>
2021-01-07 16:17:17,164 - instabot version: 0.117.0 (api) - DEBUG - GET to endpoint: igtv/browse_feed/?prefetch=1 returned response: <Response [200]>
2021-01-07 16:17:17,533 - instabot version: 0.117.0 (api) - DEBUG - POST to endpoint: creatives/ar_class/ returned response: <Response [200]>
2021-01-07 16:17:17,952 - instabot version: 0.117.0 (api) - DEBUG - POST to endpoint: feed/reels_tray/ returned response: <Response [200]>
2021-01-07 16:17:21,519 - instabot version: 0.117.0 (api) - DEBUG - POST to endpoint: feed/timeline/ returned response: <Response [200]>
2021-01-07 16:17:21,894 - instabot version: 0.117.0 (api) - DEBUG - GET to endpoint: media/blocked/ returned response: <Response [200]>
2021-01-07 16:17:22,523 - instabot version: 0.117.0 (api) - DEBUG - GET to endpoint: news/inbox/ returned response: <Response [200]>
2021-01-07 16:17:22,876 - instabot version: 0.117.0 (api) - DEBUG - GET to endpoint: loom/fetch_config/ returned response: <Response [200]>
2021-01-07 16:17:23,355 - instabot version: 0.117.0 (api) - DEBUG - GET to endpoint: scores/bootstrap/users/?surfaces=["autocomplete_user_list","coefficient_besties_list_ranking","coefficient_rank_recipient_user_suggestion","coefficient_ios_section_test_bootstrap_ranking","coefficient_direct_recipients_ranking_variant_2"] returned response: <Response [200]>
2021-01-07 16:17:23,905 - instabot version: 0.117.0 (api) - DEBUG - GET to endpoint: business/eligibility/get_monetization_products_eligibility_data/?product_types=branded_content returned response: <Response [200]>
2021-01-07 16:17:24,322 - instabot version: 0.117.0 (api) - DEBUG - GET to endpoint: business/branded_content/should_require_professional_account/ returned response: <Response [200]>
2021-01-07 16:17:24,735 - instabot version: 0.117.0 (api) - DEBUG - GET to endpoint: linked_accounts/get_linkage_status/ returned response: <Response [200]>
2021-01-07 16:17:25,263 - instabot version: 0.117.0 (api) - DEBUG - GET to endpoint: locations/request_country/ returned response: <Response [200]>
2021-01-07 16:17:25,653 - instabot version: 0.117.0 (api) - DEBUG - GET to endpoint: qp/get_cooldowns/?signed_body=signed_body=4b9c516a5410a3bc128e09c6104a7f042146b9c2023870560c63a43a7f66781c.4&ig_sig_key_version=4&ig_sig_key_version=4 returned response: <Response [200]>
2021-01-07 16:17:26,055 - instabot version: 0.117.0 (api) - DEBUG - GET to endpoint: users/arlink_download_info/?version_override=2.2.1 returned response: <Response [200]>
2021-01-07 16:17:26,731 - instabot version: 0.117.0 (api) - DEBUG - GET to endpoint: users/45361583113/info/ returned response: <Response [200]>
2021-01-07 16:17:27,097 - instabot version: 0.117.0 (api) - DEBUG - GET to endpoint: direct_v2/get_presence/ returned response: <Response [200]>
2021-01-07 16:17:27,591 - instabot version: 0.117.0 (api) - DEBUG - GET to endpoint: direct_v2/inbox/?visual_message_return_type=unseen&thread_message_limit=10&persistentBadging=true&limit=20 returned response: <Response [200]>
2021-01-07 16:17:28,062 - instabot version: 0.117.0 (api) - DEBUG - GET to endpoint: direct_v2/inbox/?visual_message_return_type=unseen&persistentBadging=true&limit=0 returned response: <Response [200]>
2021-01-07 16:17:29,361 - instabot version: 0.117.0 (api) - DEBUG - GET to endpoint: discover/topical_explore/?is_prefetch=true&omit_cover_media=true&use_sectional_payload=true&timezone_offset=0&session_id=55aefecf-99b2-4d3e-a8a2-e1758f2fbe9a&include_fixed_destinations=true returned response: <Response [200]>
2021-01-07 16:17:29,794 - instabot version: 0.117.0 (api) - DEBUG - POST to endpoint: notifications/badge/ returned response: <Response [200]>
2021-01-07 16:17:30,302 - instabot version: 0.117.0 (api) - DEBUG - POST to endpoint: qp/batch_fetch/ returned response: <Response [200]>
2021-01-07 16:17:30,307 - instabot version: 0.117.0 (bot_checkpoint) - DEBUG - Loading Checkpoint file from: C:\Users\timoz\OneDrive - HTL Mössingerstrasse\Desktop\Timo\Business\NewStart\SocialMedia\urvshawty\urvshawty_follower/config/urvshawty.checkpoint
2021-01-07 16:17:30,834 - instabot version: 0.117.0 (api) - DEBUG - GET to endpoint: users/carlosssdan/usernameinfo/ returned response: <Response [200]>
2021-01-07 16:17:31,440 - instabot version: 0.117.0 (bot_follow) - INFO - Follow followers of: 2064291933
2021-01-07 16:17:31,948 - instabot version: 0.117.0 (api) - DEBUG - GET to endpoint: users/2064291933/info/ returned response: <Response [200]>
2021-01-07 16:17:32,419 - instabot version: 0.117.0 (api) - DEBUG - GET to endpoint: friendships/2064291933/followers/?rank_token=45361583113_bd0ef4e1-44be-4ceb-8351-401dae49ff50 returned response: <Response [200]>
2021-01-07 16:17:32,933 - instabot version: 0.117.0 (api) - DEBUG - GET to endpoint: friendships/2064291933/followers/?rank_token=45361583113_bd0ef4e1-44be-4ceb-8351-401dae49ff50&max_id=QVFET1h0aWp6cV9FVGo0ZFJvRXZOUHZWb1M3bnFvbENfZm42RXJtd1o3MkJCak92aWc3WUZNR2pZWXc0SThwRzdrWVhwcU03dmlCUHBTWl9rWnMxZERUNQ== returned response: <Response [200]>
2021-01-07 16:17:33,471 - instabot version: 0.117.0 (api) - DEBUG - GET to endpoint: friendships/2064291933/followers/?rank_token=45361583113_bd0ef4e1-44be-4ceb-8351-401dae49ff50&max_id=QVFEUWFxUDU3RzFOLXF6OVBNMU8tLXV6c1Q3eXpwUHVaUHJMbkJ1V0luZjBhUmFZSzF3dDFVX2VKbFZFM0l3ZGY1N00zVllaWmtHd18zckQ5dHNueldmZg== returned response: <Response [200]>
2021-01-07 16:17:33,976 - instabot version: 0.117.0 (api) - DEBUG - GET to endpoint: friendships/2064291933/followers/?rank_token=45361583113_bd0ef4e1-44be-4ceb-8351-401dae49ff50&max_id=QVFDVXh4ZGFkZk9sVjJuMXlvQ0tJS3lVdV93YzRNZkFIZWRKZGNoanQxcWkxTHpybkRYVnd1b0xXaUVZUVAwcmVKajBkOFkzRWM1Mkt3M3JlQlkxaHpTMQ== returned response: <Response [200]>
2021-01-07 16:17:34,426 - instabot version: 0.117.0 (api) - DEBUG - GET to endpoint: friendships/2064291933/followers/?rank_token=45361583113_bd0ef4e1-44be-4ceb-8351-401dae49ff50&max_id=QVFEbEhJd3VpTVR6WWRIemQ4aHhxdFo3MVItUEZ3WnFCZ1ZJcGVCQWVObkJEcGRJUFFxTUhtcFFwdlJZTkxyWUZUSXVvVkh5dGk4Zk5EalhpalpEemlUMw== returned response: <Response [200]>
2021-01-07 16:17:35,436 - instabot version: 0.117.0 (api) - DEBUG - GET to endpoint: friendships/2064291933/followers/?rank_token=45361583113_bd0ef4e1-44be-4ceb-8351-401dae49ff50&max_id=QVFDeUh0R0pBem9CQVFpSzE4UlczN09IR1I4dXZOZ0pUOU5XT0xRajcxb2dRTFp3bXNmWEpNamFyd21oNXVmaS1hRTJ4bUhZUmFRNlhFcGRWQjhvQmpVTg== returned response: <Response [200]>
2021-01-07 16:17:35,941 - instabot version: 0.117.0 (api) - DEBUG - GET to endpoint: friendships/2064291933/followers/?rank_token=45361583113_bd0ef4e1-44be-4ceb-8351-401dae49ff50&max_id=QVFBdzVpUE9PVFdob0NpQWpZa0JzWTFfV2hPYVBxVGVTSjMzbnpHa09nSWVPYlZudlR2c1F0YW9iZjA1XzdRa3FTNlFKa2ZhTHlkZUNIVjk2amdPMlgtbA== returned response: <Response [200]>
2021-01-07 16:17:36,501 - instabot version: 0.117.0 (api) - DEBUG - GET to endpoint: friendships/2064291933/followers/?rank_token=45361583113_bd0ef4e1-44be-4ceb-8351-401dae49ff50&max_id=QVFEeEJ3d2UxOFNKVFZFeGVJTUlFQk1oZ3dDOG44bWJaaUZFSk5iRlRLS3hySS0zXzl4eVVDZW13b2loVmFJLVMxbzZKR3E0N2xGN2VxS3Bfa3hkd19wVA== returned response: <Response [200]>
2021-01-07 16:17:37,284 - instabot version: 0.117.0 (api) - DEBUG - GET to endpoint: friendships/2064291933/followers/?rank_token=45361583113_bd0ef4e1-44be-4ceb-8351-401dae49ff50&max_id=QVFDT3lqRmxzVWlBV01PdlA5ekF3U0JmUDZWYk1KQnBXTDU1RkdFV05uREZHRUx4NzU1MTdCdFZtTWNpczN5T3ZXNWxDZGZoOHl5SGFPWnpIVldNTWV5Ng== returned response: <Response [200]>
2021-01-07 16:17:37,808 - instabot version: 0.117.0 (api) - DEBUG - GET to endpoint: friendships/2064291933/followers/?rank_token=45361583113_bd0ef4e1-44be-4ceb-8351-401dae49ff50&max_id=QVFCQnptX0dEX2xRMjAzRmVXZ3lVQl84MllnM3BhVUxuVTB3dzQwdjM1Qm9TWFQ1dnFuMVBxQmd6b2g4ZkRtcFF4S0lKcE10blBveElhU0NYR1h1VnVZaQ== returned response: <Response [200]>
2021-01-07 16:17:38,259 - instabot version: 0.117.0 (api) - DEBUG - GET to endpoint: friendships/2064291933/followers/?rank_token=45361583113_bd0ef4e1-44be-4ceb-8351-401dae49ff50&max_id=QVFBNnU1OHgxdW01UEF6U19uTENlWFYtSTJrSlVKc1E2cVRYaXFUM2FfUFdNNUZuUWJnN080T2loV2d0WnNDaEJTMWI1VEZKbjMwQXFzcEh4cW9wSjBSbQ== returned response: <Response [200]>
2021-01-07 16:17:38,794 - instabot version: 0.117.0 (api) - DEBUG - GET to endpoint: friendships/2064291933/followers/?rank_token=45361583113_bd0ef4e1-44be-4ceb-8351-401dae49ff50&max_id=QVFDVDRmTm5IT0RJMUVXUWlwbHNtczlJUFdYM3BjamlLMGVkaExKQXR2b193RE9qclAwVVVlZkRIQVMtVU9NYi1IWjZhdkpZWGV5ckdKaWhMUFZaMHZCYw== returned response: <Response [200]>
2021-01-07 16:17:39,282 - instabot version: 0.117.0 (api) - DEBUG - GET to endpoint: friendships/2064291933/followers/?rank_token=45361583113_bd0ef4e1-44be-4ceb-8351-401dae49ff50&max_id=QVFBLWc1YzhkYV94SDB4ZXAwUlJFQVhJa2pJR2x2Zm4wcE9mek5YcFJFZGlvLXg5dUFrOEFxOU1nOGptUmUwZDMtUlY1Wlhta2dhdlpKRTEydDZZMUhjYg== returned response: <Response [200]>
2021-01-07 16:17:39,826 - instabot version: 0.117.0 (api) - DEBUG - GET to endpoint: friendships/2064291933/followers/?rank_token=45361583113_bd0ef4e1-44be-4ceb-8351-401dae49ff50&max_id=QVFCT25aeEI2aFdPZWhwV2VhMnFwT0E1SHYxMUNOa1NhYTJ5Sk1EMFVmLURZd0RHRW5uSGFuMnMzb0RBc2FpOUJadWk2YzBCcEg2Yzl1SUZmTnBWcGxxWg== returned response: <Response [200]>
2021-01-07 16:17:40,310 - instabot version: 0.117.0 (api) - DEBUG - GET to endpoint: friendships/2064291933/followers/?rank_token=45361583113_bd0ef4e1-44be-4ceb-8351-401dae49ff50&max_id=QVFCZlRwV2M5REZKandWS3dtVEtFa1JlZ2hmM0M1LVR1T1FnQjdRRjk0ZTVMSzRlZEhxQWw4eHFfd24wNHJ6TjU3VVNMSS1NMUVOLU02NlR6dVZYQzM0Zw== returned response: <Response [200]>
2021-01-07 16:17:40,830 - instabot version: 0.117.0 (api) - DEBUG - GET to endpoint: friendships/2064291933/followers/?rank_token=45361583113_bd0ef4e1-44be-4ceb-8351-401dae49ff50&max_id=QVFEU2IwSklMZGoteFo4LUpGMUdpZTUyQnVjMEFtQ0RBSFh1RmVRNGUtdFN2SXFDZmtQbXpMdjRKTXlhc21QVDExSVR6MGlReWo5VWxXLUVLYU9FQ29OZQ== returned response: <Response [200]>
2021-01-07 16:17:41,611 - instabot version: 0.117.0 (api) - DEBUG - GET to endpoint: friendships/2064291933/followers/?rank_token=45361583113_bd0ef4e1-44be-4ceb-8351-401dae49ff50&max_id=QVFCOWZHby10RTBnMG5DVmdXQkQwM1pKZ2kxbmpULXIwWjJhV1VIbGJvRUJIZ2ltenJfbGd5ODJmdmNId1pwMmJRQjRyUmlfaFZram5QdWZiR24teFVKQw== returned response: <Response [200]>
2021-01-07 16:17:42,490 - instabot version: 0.117.0 (api) - DEBUG - GET to endpoint: friendships/2064291933/followers/?rank_token=45361583113_bd0ef4e1-44be-4ceb-8351-401dae49ff50&max_id=QVFDcHo2elQyNFJWTnVNWHBVRUZEZlk5V21aRTRvQ3U5bHB5RXF6Tl85cGhOSC14Sm1MNlBfdWU4RWYzMGZYUkJJS2JheWxyLUZrQ0JCQk9TOG1GcEExWg== returned response: <Response [200]>
2021-01-07 16:17:42,957 - instabot version: 0.117.0 (api) - DEBUG - GET to endpoint: friendships/2064291933/followers/?rank_token=45361583113_bd0ef4e1-44be-4ceb-8351-401dae49ff50&max_id=QVFELU94QVI4QXYwOEduS2YtSEprTFdad2xFUTZ1NGZzd2g2WFhocEJDVzhCNEhxQUZYWXpGMzhDOEU5bExjZ3llUTZzNFpwS0xLR0Y1UUdGeXJ2SXZaZQ== returned response: <Response [200]>
2021-01-07 16:17:43,474 - instabot version: 0.117.0 (api) - DEBUG - GET to endpoint: friendships/2064291933/followers/?rank_token=45361583113_bd0ef4e1-44be-4ceb-8351-401dae49ff50&max_id=QVFEOWp2T3JfUThfVm1FNmZQRk5RejhVbWNSalJaTEF5dE54dXFpZnJZVnl2dDFBWkMyZlBXaFZfYzZZZ0pkNFdiVmpzRU9EeTFqMGFqcGdjbTJWWkpRYQ== returned response: <Response [200]>
2021-01-07 16:17:43,962 - instabot version: 0.117.0 (api) - DEBUG - GET to endpoint: friendships/2064291933/followers/?rank_token=45361583113_bd0ef4e1-44be-4ceb-8351-401dae49ff50&max_id=QVFBS3FxOWVqNkRsampWWXh0YkM2ZTdOa1c4a3pQVXlwS3VIdmdqcEY4bER2d2MzRkFCZDZHQUpKWXpoa19NWm9OeDFOMUJrMUE0X1ZoTmRUMkpNRlJ1NQ== returned response: <Response [200]>
2021-01-07 16:17:44,423 - instabot version: 0.117.0 (api) - DEBUG - GET to endpoint: friendships/2064291933/followers/?rank_token=45361583113_bd0ef4e1-44be-4ceb-8351-401dae49ff50&max_id=QVFBMDNoYW9QdUt6NmpUaXFScS1QUGJJdnpxMm5UOVRuMzZ0eWtvY29NOU9JMWc3LXhINEJaUWFJZDNrbThNUVdrdkczRHNtcXhGZWhndHFjTzhYY3NfRA== returned response: <Response [200]>
2021-01-07 16:17:44,939 - instabot version: 0.117.0 (api) - DEBUG - GET to endpoint: friendships/2064291933/followers/?rank_token=45361583113_bd0ef4e1-44be-4ceb-8351-401dae49ff50&max_id=QVFEc2sxUlZnRE9icnlLbTYwdVRzcVhCZDB2WWpCRTFsQ3FJMFh5MXZ1NzNKNDFDbzUtZ3ZYcldmS00zeU01M3d5NkhmODJfZ0dRNUdKbW1saERPekMtMA== returned response: <Response [200]>
2021-01-07 16:17:45,495 - instabot version: 0.117.0 (api) - DEBUG - GET to endpoint: friendships/2064291933/followers/?rank_token=45361583113_bd0ef4e1-44be-4ceb-8351-401dae49ff50&max_id=QVFCTUxscEN2bmhURzJnTHRDTkJuUnZxNnpXMUJWNFVFWjBVNENCdUNuTUtkZzI2NktJUkZwa21oMkR2S040enFwUVFkY1hPQy1kY19HSXJXUmp3a0V3bQ== returned response: <Response [200]>
2021-01-07 16:17:45,962 - instabot version: 0.117.0 (api) - DEBUG - GET to endpoint: friendships/2064291933/followers/?rank_token=45361583113_bd0ef4e1-44be-4ceb-8351-401dae49ff50&max_id=QVFBaTRhNDZ1SklaMEwyakFtRFZQdkVnY3pFZmU1VlZCT0VTWmxteWIwZFVtX0FpWldxX2h5cTBXcEJCejgxZW9vc3dfZ2YtZ3Bad3JNUk5QRGFpTVpPaA== returned response: <Response [200]>
2021-01-07 16:17:46,462 - instabot version: 0.117.0 (api) - DEBUG - GET to endpoint: friendships/2064291933/followers/?rank_token=45361583113_bd0ef4e1-44be-4ceb-8351-401dae49ff50&max_id=QVFBYnNya0R1T1Zqa0NzZnN1RGdiMFhrVUc1c09JZEtoYWdpeXV4Wk5NcWZIVmVLYzFuSzhYMDV3TUFSbkpPTjZ0Qjl1M3hzaTFSLTlyUXg3RjQ3ZUlZUA== returned response: <Response [200]>
2021-01-07 16:17:47,005 - instabot version: 0.117.0 (api) - DEBUG - GET to endpoint: friendships/2064291933/followers/?rank_token=45361583113_bd0ef4e1-44be-4ceb-8351-401dae49ff50&max_id=QVFCaWtVM2x6djlxMllhb0N6Qjdpd1pXNWM4SVFUNUFfdjByaXhpemtKV2dJaDZObVhHaHgyTzM3Nm9LM2FhYWQxWV9zYS1WN1EwUVRfZVdwbEg0M09ldw== returned response: <Response [200]>
2021-01-07 16:17:47,538 - instabot version: 0.117.0 (api) - DEBUG - GET to endpoint: friendships/2064291933/followers/?rank_token=45361583113_bd0ef4e1-44be-4ceb-8351-401dae49ff50&max_id=QVFDTVBXMEdYdWUxTkV1WDdJd0UzaWQwNDRBbGlsV3ZJRlB6T3Z6WjJCb0VDSWhxc3VKblNBOW0wcTVJMng2Um5NaFJSZTg5dUd6SnZCYWVkWG1Jel81YQ== returned response: <Response [200]>
2021-01-07 16:17:48,117 - instabot version: 0.117.0 (api) - DEBUG - GET to endpoint: friendships/2064291933/followers/?rank_token=45361583113_bd0ef4e1-44be-4ceb-8351-401dae49ff50&max_id=QVFBUXYxakZmNGxfMjVmX2d3X2ZHNUsyWEU0S0dVMmxIVk8wZlNFVFAtcGFBZ055MUtKbGVrWjcyS1lZdmhrMnBZMEkxT2FUMWJVOVJORkN0OThNN3czdg== returned response: <Response [200]>
2021-01-07 16:17:48,590 - instabot version: 0.117.0 (api) - DEBUG - GET to endpoint: friendships/2064291933/followers/?rank_token=45361583113_bd0ef4e1-44be-4ceb-8351-401dae49ff50&max_id=QVFCZjFyckt1OUhod05VYkdHaFFCWDVwSUdHZVVFR0wxX2JwcWh4cTMycGFzTTZUeUgxRVJ1cUNWVHBHM0R6aVY5MW9qcGtiOFdlUm9kaVRRTnZINnB5aw== returned response: <Response [200]>
2021-01-07 16:17:49,109 - instabot version: 0.117.0 (api) - DEBUG - GET to endpoint: friendships/2064291933/followers/?rank_token=45361583113_bd0ef4e1-44be-4ceb-8351-401dae49ff50&max_id=QVFEb1NaWXBGajZoOE5NeFVDMEhuT253M2JacTZZTWFzVW1teGVXWEtmWG9PUUI2amZqZ1diM1RFeC1mbHNfb1lZUGthU3N3UnRwZ0ZLSmxfTC01UDJDTw== returned response: <Response [200]>
2021-01-07 16:17:49,679 - instabot version: 0.117.0 (api) - DEBUG - GET to endpoint: friendships/2064291933/followers/?rank_token=45361583113_bd0ef4e1-44be-4ceb-8351-401dae49ff50&max_id=QVFDd281cHk4b0dTLXdodjY5X1lKbzdfLUpEcENudl9KNTdYc2JiSHV3SDhnZUxNWWdCSVhzQnJrSFFhSTA0dnd3WnlXVjQ0aXhXZ3JyZFJRdEtSTjB1QQ== returned response: <Response [200]>
2021-01-07 16:17:50,195 - instabot version: 0.117.0 (api) - DEBUG - GET to endpoint: friendships/2064291933/followers/?rank_token=45361583113_bd0ef4e1-44be-4ceb-8351-401dae49ff50&max_id=QVFDbjhoWGJxQ0tkVTdHTTBBcGI1bW1SdUZjRFZJeUtobmd2c1NEUi1NNERyME5fQjJ3eTlIQXUwcXVqTnRPbXh6ZFVvN1pOTW1Ha1V4WjVSYXY3SERKRQ== returned response: <Response [200]>
2021-01-07 16:17:50,671 - instabot version: 0.117.0 (api) - DEBUG - GET to endpoint: friendships/2064291933/followers/?rank_token=45361583113_bd0ef4e1-44be-4ceb-8351-401dae49ff50&max_id=QVFCd0ZEXzh0ZXZtQzBmUGsyd0NXM283QktXWHRVeXJSOWlRT0g2c2kzVURXVWVwTTBOdk5RZ0M0RkM4RFAzODFWMjBGMm1GVTlPX1VEcWUxdElGOEFHMA== returned response: <Response [200]>
2021-01-07 16:17:51,191 - instabot version: 0.117.0 (api) - DEBUG - GET to endpoint: friendships/2064291933/followers/?rank_token=45361583113_bd0ef4e1-44be-4ceb-8351-401dae49ff50&max_id=QVFBR3NMQ2JzQXl4Q3h6MWFfR3ExaDlBWmh1aWhycVdTcF9MRExIdWhTX0FybnlCVEpGcFMwZjU3akhIaXZINGNsMmV1QXNWNjRGQjIwYTVoN1FtVGZKeg== returned response: <Response [200]>
2021-01-07 16:17:51,704 - instabot version: 0.117.0 (api) - DEBUG - GET to endpoint: friendships/2064291933/followers/?rank_token=45361583113_bd0ef4e1-44be-4ceb-8351-401dae49ff50&max_id=QVFBVF9PV0lNTUV2WHVZUlhTVGpMbVBZZTlHUldlaU51ellncFBmVi1jVDZhRFB4eDV0V3BTbUJWbi11QjN0dWd6SENQSk0yVTdCdEdzY0VVV2RLcDljUw== returned response: <Response [200]>
2021-01-07 16:17:52,209 - instabot version: 0.117.0 (api) - DEBUG - GET to endpoint: friendships/2064291933/followers/?rank_token=45361583113_bd0ef4e1-44be-4ceb-8351-401dae49ff50&max_id=QVFBQ3l5bkhoLWZOMlRKY2s2SDAyTEt3bUY1ZW9LMHk0TndHel9fNjdpQUpXVVVOZkMxbHFuSWMtaDFmaFdZNi14QTQ1cU9UU0VURmEzNjJidmNnNEJRTg== returned response: <Response [200]>
2021-01-07 16:17:52,780 - instabot version: 0.117.0 (api) - DEBUG - GET to endpoint: friendships/2064291933/followers/?rank_token=45361583113_bd0ef4e1-44be-4ceb-8351-401dae49ff50&max_id=QVFDcmxxM01hQ1RTZ2dLVlA3cDk1amhzV1k2ZzF0UzVQMTAwekx5enRmT0lIMG9qeE5EZ2c1bE9wWmphSG1PRHZyN1VqSmJ2eXIzNWprakVydEJfMGd1Mw== returned response: <Response [200]>
2021-01-07 16:17:53,295 - instabot version: 0.117.0 (api) - DEBUG - GET to endpoint: friendships/2064291933/followers/?rank_token=45361583113_bd0ef4e1-44be-4ceb-8351-401dae49ff50&max_id=QVFEWXo1REVCV2dlZEQyOVoybExvcDZxZklpdGZwUExWTHNqWUxpQ3l2bVpXM2hOaWl1a1k4NHJrZkpaQlhfd1ItWTIyTzdtV0xaMXJJS3lGend1U1gtQg== returned response: <Response [200]>
2021-01-07 16:17:53,834 - instabot version: 0.117.0 (api) - DEBUG - GET to endpoint: friendships/2064291933/followers/?rank_token=45361583113_bd0ef4e1-44be-4ceb-8351-401dae49ff50&max_id=QVFEMFU1MWFLNzBSdGktSFkzaXJLbFh3NzVhREdsQUZXUWNVU1FjYzl0RHlFT3RSMmtRQXRyc1ZybTRnZklXdVBsNEVudDFVR2s1UGZFeGVWdmxKVVpUNw== returned response: <Response [200]>
2021-01-07 16:17:54,308 - instabot version: 0.117.0 (api) - DEBUG - GET to endpoint: friendships/2064291933/followers/?rank_token=45361583113_bd0ef4e1-44be-4ceb-8351-401dae49ff50&max_id=QVFBdlRvR3NiLUJCLWg5QnlVV0k0RnlxVnBqRlhwc1dlazlOc053cS1GMnJ6aUc2RVpRZERrd2FfSTA3WXZ2ZENPRmdfX3JrUUo2Y0llSzdxMlY4Y2ROZA== returned response: <Response [200]>
2021-01-07 16:17:54,843 - instabot version: 0.117.0 (api) - DEBUG - GET to endpoint: friendships/2064291933/followers/?rank_token=45361583113_bd0ef4e1-44be-4ceb-8351-401dae49ff50&max_id=QVFDZ2NhOGxycjMzb2VlUVU2YXdwcnRlSVFfcXNtUzJjUGdmNXRURDZVaEhDTHctdUd3ZWdTWlJjcFZPSTJwOV9YWVY4bW5LU2JsRW1sNFRVN1BBUUFCTg== returned response: <Response [200]>
2021-01-07 16:17:55,371 - instabot version: 0.117.0 (api) - DEBUG - GET to endpoint: friendships/2064291933/followers/?rank_token=45361583113_bd0ef4e1-44be-4ceb-8351-401dae49ff50&max_id=QVFBMS1JNmMtbWZhR3VIa01KSWMxV1RFUlFQVnJxbGlDZWx5eTNVRXdFS201eDFlNHJEOE43YmN3Q1luYk5FSVVNUFF4UEM4RTd6Sm1kM3hBTElBbGE1SA== returned response: <Response [200]>
2021-01-07 16:17:55,868 - instabot version: 0.117.0 (api) - DEBUG - GET to endpoint: friendships/2064291933/followers/?rank_token=45361583113_bd0ef4e1-44be-4ceb-8351-401dae49ff50&max_id=QVFBb3pMV0RJSERKUWRqU05zY2Y0Zlg0OU56WDk2OGhCNm0tSFEyek91YmNldHYzQUVnRllWMi1aRFphbEQ1TWFLbElJR2JnelE1QnBkR0pmTUtiSHFNZg== returned response: <Response [200]>
2021-01-07 16:17:56,469 - instabot version: 0.117.0 (api) - DEBUG - GET to endpoint: friendships/2064291933/followers/?rank_token=45361583113_bd0ef4e1-44be-4ceb-8351-401dae49ff50&max_id=QVFCYzRNQ0ZfYm5LbXQ1WloyMHlBallTWGdjZFhDZnU2bW0xdXVvbGw4V1lsY2RiNGpBLW1wWTUwQ3ltZlhQQW9zMFd1OFZZc3R5dnJEbHhBUTdROEZOZA== returned response: <Response [200]>
2021-01-07 16:17:56,962 - instabot version: 0.117.0 (api) - DEBUG - GET to endpoint: friendships/2064291933/followers/?rank_token=45361583113_bd0ef4e1-44be-4ceb-8351-401dae49ff50&max_id=QVFBOVI0X1EwenZNVThvTzVpTnd5czZBQUVSWlVWYTVrUnpabXdJUVdsd01LMnZBeThMMjJ0ZnVIQ2VyMVdEenZhYW5GTmYyd1duNVI5ZnBOZDJldUg0MQ== returned response: <Response [200]>
2021-01-07 16:17:57,449 - instabot version: 0.117.0 (api) - DEBUG - GET to endpoint: friendships/2064291933/followers/?rank_token=45361583113_bd0ef4e1-44be-4ceb-8351-401dae49ff50&max_id=QVFEUmdFd2ViMjEyOG4zaC1FRWs0Z0NhVXQzSzRLc3ZsaWpjeW52bUNIb0FhSV9rQllRcGxkeHRweWdXenc4T01yNVpFT3hkTVk3VW5peVdicVE0SE0tMA== returned response: <Response [200]>
2021-01-07 16:17:57,976 - instabot version: 0.117.0 (api) - DEBUG - GET to endpoint: friendships/2064291933/followers/?rank_token=45361583113_bd0ef4e1-44be-4ceb-8351-401dae49ff50&max_id=QVFDTmJaNVc2SjdQNVdMUTY3VDZHb3poMGI0ZDR6OVZhd2NNWTJ0RzJSdXZLNnUyMFNyZkRfRnJCNE5IUm05eXh6WUF6Nl90alVHWktCZ0NsUTR1Q21tNg== returned response: <Response [200]>
2021-01-07 16:17:58,442 - instabot version: 0.117.0 (api) - DEBUG - GET to endpoint: friendships/2064291933/followers/?rank_token=45361583113_bd0ef4e1-44be-4ceb-8351-401dae49ff50&max_id=QVFBa1A1aERia25yY3pyTFl5NlA3enZRdHBMUUFNdWN5WkFUWjBhSlFCdG1EcmRicl85Skowb3otZF90czFfTHcxeXZjOGVlTzloYzBlM18tWG5SOGJOdw== returned response: <Response [200]>
2021-01-07 16:17:58,922 - instabot version: 0.117.0 (api) - DEBUG - GET to endpoint: friendships/2064291933/followers/?rank_token=45361583113_bd0ef4e1-44be-4ceb-8351-401dae49ff50&max_id=QVFEenNNeGlMaW9HNVVQNU1Tc1I3UWcxVUdkN0pUYTdhOUFaZm1TM2dvR3JKNmpvRXFibUJ6Qmk0RmFWcHU4WFN6Y2RSbDZSQkhQaDl4S0JMbVk4T0NjcA== returned response: <Response [200]>
2021-01-07 16:17:59,472 - instabot version: 0.117.0 (api) - DEBUG - GET to endpoint: friendships/2064291933/followers/?rank_token=45361583113_bd0ef4e1-44be-4ceb-8351-401dae49ff50&max_id=QVFCSTBhUDhBeW9DUmFDWjFGMEgzTkVPalcyblh1cE9nd1Y4V1dDUzNzdkJnRWFpdE9HODZMaS1xdV9xdExhTS15aWo2ZG1nV2VyaGpYZjJRT0dFQl8tbw== returned response: <Response [200]>
2021-01-07 16:18:00,108 - instabot version: 0.117.0 (api) - DEBUG - GET to endpoint: friendships/2064291933/followers/?rank_token=45361583113_bd0ef4e1-44be-4ceb-8351-401dae49ff50&max_id=QVFBbXB2QVprUURvWExQNlRtS0RsakotZEFnOWtEa05tcHV4OFBGVEZSX3pHRjI0V0NtazZLT0pqbWtoOHlIRDBGUE9MSFZzQm9sVUstV0V5eHp6ZnlITA== returned response: <Response [200]>
2021-01-07 16:18:00,578 - instabot version: 0.117.0 (api) - DEBUG - GET to endpoint: friendships/2064291933/followers/?rank_token=45361583113_bd0ef4e1-44be-4ceb-8351-401dae49ff50&max_id=QVFBVk5mcnZkNEZSMllzS1A1OEFfQ0x0empSZGpxQkdvTzljaEN1LTl0Ym5lUWs3QWpsb0RRV1ozcW5FT25uUmNFa2t6aEoyWGVFU2pRbEJwVmx6c2NxRQ== returned response: <Response [200]>
2021-01-07 16:18:01,070 - instabot version: 0.117.0 (api) - DEBUG - GET to endpoint: friendships/2064291933/followers/?rank_token=45361583113_bd0ef4e1-44be-4ceb-8351-401dae49ff50&max_id=QVFDcVh2NWZId1I1eE54ajl5M0xzTzJzaUpEM2ZZWjByNzNCQlRodzNXXzQ4QlZJSi1LaTRaNFNXanA2ZDlYMm40T1E5bkpWUjUxV1lRbXRrQ1JSZGtCUg== returned response: <Response [200]>
2021-01-07 16:18:01,528 - instabot version: 0.117.0 (api) - DEBUG - GET to endpoint: friendships/2064291933/followers/?rank_token=45361583113_bd0ef4e1-44be-4ceb-8351-401dae49ff50&max_id=QVFEYnZqcmkzc2w2blpnd3FnT256MWpPWHJXS2RBdTA1RWdwelJGckZpQ080ay1aWTBjVXEyTVd3WXhWcjJ1VnR5bzdnTmJBN0RDQWloaEJIeU0wMUc3dQ== returned response: <Response [200]>
2021-01-07 16:18:02,005 - instabot version: 0.117.0 (api) - DEBUG - GET to endpoint: friendships/2064291933/followers/?rank_token=45361583113_bd0ef4e1-44be-4ceb-8351-401dae49ff50&max_id=QVFDNy1fN2NJOEMxa28xQWZzYU0zT2FFbklyZjVXbktiLTV3cFhGdXhxYUVwRTlIUktnakwyWFRVZ3BHbkZ6SDVRRWliX2p3aUk4NXIyZ3BmcVU4Vl9GMw== returned response: <Response [200]>
2021-01-07 16:18:02,541 - instabot version: 0.117.0 (api) - DEBUG - GET to endpoint: friendships/2064291933/followers/?rank_token=45361583113_bd0ef4e1-44be-4ceb-8351-401dae49ff50&max_id=QVFCcUNZcVh6NWlUUXdIQUVSRGhDZVAxOVFPaXNjaU1XM0tjeDhjRzFYZFFmOHhrZGxwRnh1WXN4UjBnVjFnejFLTjg0U2N3ell5SHFFOFVma2hvRE9WRw== returned response: <Response [200]>
2021-01-07 16:18:03,043 - instabot version: 0.117.0 (api) - DEBUG - GET to endpoint: friendships/2064291933/followers/?rank_token=45361583113_bd0ef4e1-44be-4ceb-8351-401dae49ff50&max_id=QVFEc09FV0o5RzUxX0Jod3djQ05YZHJyQjNIWWMzUEhUdVhSMllTZXB2ZzV4TWlxX3FTeEpPNEZEeVRnUXpiT3RHSldHR2NEcTFXbXhEOHhaWHVxOWZPcQ== returned response: <Response [200]>
2021-01-07 16:18:03,555 - instabot version: 0.117.0 (api) - DEBUG - GET to endpoint: friendships/2064291933/followers/?rank_token=45361583113_bd0ef4e1-44be-4ceb-8351-401dae49ff50&max_id=QVFDc1gxTVJZd0ljaWFmZXk0VUtkLWg1YlFEcHRyMU1qUTRTTmtFX1lmZVZDSk8yUUt0Q3lSS1JRTlRzcllkMEFxNWJjU0kxdC14S2VRbXhhTklibzFLOQ== returned response: <Response [200]>
2021-01-07 16:18:04,044 - instabot version: 0.117.0 (api) - DEBUG - GET to endpoint: friendships/2064291933/followers/?rank_token=45361583113_bd0ef4e1-44be-4ceb-8351-401dae49ff50&max_id=QVFDV25feHVvNUN5cDB1NW9Qd3Z0ZkRIbDlMOFlkWk1FLWtUQjlPSzN6TG04RjJ0WWY4SF9vRmdJdWdfWW5HazRCeHhyTWxVMWZpRGo5M0FfMnBiS1VWMA== returned response: <Response [200]>
2021-01-07 16:18:04,540 - instabot version: 0.117.0 (api) - DEBUG - GET to endpoint: friendships/2064291933/followers/?rank_token=45361583113_bd0ef4e1-44be-4ceb-8351-401dae49ff50&max_id=QVFBWGZITGpMWUozSU5zelUtZUdFUXdHck5meHpEcGhXTUtjSkE0V0VuaWxaVVg1eVZhMTFDenVIa0s5Sm8tX05wV2J1bGQ5QVQ2MXNfZ2VYOFFhekVXSg== returned response: <Response [200]>
2021-01-07 16:18:05,011 - instabot version: 0.117.0 (api) - DEBUG - GET to endpoint: friendships/2064291933/followers/?rank_token=45361583113_bd0ef4e1-44be-4ceb-8351-401dae49ff50&max_id=QVFEY0VfckNZSnA2anZKWDR6VnZtV0c0b01Bbi1aZFpONjJHdVlzNldqZ3cxN1lPdWx0Z05kVDh5UUIwcFNZSklPb1ZhcXhtS0ZPZEVkWHRKZkxWWjl2UA== returned response: <Response [200]>
2021-01-07 16:18:05,552 - instabot version: 0.117.0 (api) - DEBUG - GET to endpoint: friendships/2064291933/followers/?rank_token=45361583113_bd0ef4e1-44be-4ceb-8351-401dae49ff50&max_id=QVFDT3dwU0hwbDlwb0YtQ1lZaUNMYnBRMHBFRDk3bHZBVFF6SFRuc3ZOd1RpME40ZDRZaW9fVnBlbGhIcGRQTE5rWmYtY3ZXYWhhUVY4TzhSYmlraTVzYw== returned response: <Response [200]>
2021-01-07 16:18:06,027 - instabot version: 0.117.0 (api) - DEBUG - GET to endpoint: friendships/2064291933/followers/?rank_token=45361583113_bd0ef4e1-44be-4ceb-8351-401dae49ff50&max_id=QVFEa09VZE5XTFpMQWplVml5eFMzNWlmMEI0NHVsaElYODVreFBoLVdHVnoxUFRwa216bHFIc3hKQWdxU3BWX3kwQjFrR09QNGlMRklHb0tLMk84cTdqdQ== returned response: <Response [200]>
2021-01-07 16:18:06,568 - instabot version: 0.117.0 (api) - DEBUG - GET to endpoint: friendships/2064291933/followers/?rank_token=45361583113_bd0ef4e1-44be-4ceb-8351-401dae49ff50&max_id=QVFDdG4xRE4zcGZfQ2dwUXZmVDNtYjAya3hzS0hlaWFfOERXQWRsQmZBMjVpOXlURGl3eHZWblRRbU1jNmJ1eEFVdEd4QlRiVFNMTUFIUlM1c2dCcmk4QQ== returned response: <Response [200]>
2021-01-07 16:18:07,421 - instabot version: 0.117.0 (api) - DEBUG - GET to endpoint: friendships/2064291933/followers/?rank_token=45361583113_bd0ef4e1-44be-4ceb-8351-401dae49ff50&max_id=QVFDdXdYR09CUU1RcVRiSFFZeF9rbnFyc0tZR3N5MWtzeUV3VzBWQV91N1pQM1lyMEF0QWttVV85T0o5YlJsV2Ezd25RZUxCeTR5azRLeHlZQzEzV19YUg== returned response: <Response [200]>
2021-01-07 16:18:08,035 - instabot version: 0.117.0 (api) - DEBUG - GET to endpoint: friendships/2064291933/followers/?rank_token=45361583113_bd0ef4e1-44be-4ceb-8351-401dae49ff50&max_id=QVFEOWQ4amlSNzlFWWFRRlVvTTFfanBuazAtakU3NjhwaEpvWDFyVVNBVHplejFJOGdVUXQ1cjdOdnBWM2NNNjQwTGNxNno3eFpRUEZYZzM3azNWbXZjTQ== returned response: <Response [200]>
2021-01-07 16:18:08,547 - instabot version: 0.117.0 (api) - DEBUG - GET to endpoint: friendships/2064291933/followers/?rank_token=45361583113_bd0ef4e1-44be-4ceb-8351-401dae49ff50&max_id=QVFBb3pfRVBzNHhqa0t5QVk5YUN4YmNoTHlYQlJfN0xxU3ZRNlZVbEVjQ1BWNUNHTjNXUU9uUDAtSmJkMHNLQVQ1OWVObXowLXNra1BmS3JVb3lzQ1lKTQ== returned response: <Response [200]>
2021-01-07 16:18:09,048 - instabot version: 0.117.0 (api) - DEBUG - GET to endpoint: friendships/2064291933/followers/?rank_token=45361583113_bd0ef4e1-44be-4ceb-8351-401dae49ff50&max_id=QVFCeXVFZm84NTFFYlBRQWxtLVRGU0huemxzRkMwZjZGUDlPYlFkNUFZMkJQbmZTYmlrWENVM0s1aDFBXzdsWFlIZGFEaTdLWl8tVGQ0YmtOX2s0SkZJMA== returned response: <Response [200]>
2021-01-07 16:18:09,531 - instabot version: 0.117.0 (api) - DEBUG - GET to endpoint: friendships/2064291933/followers/?rank_token=45361583113_bd0ef4e1-44be-4ceb-8351-401dae49ff50&max_id=QVFCaE95b1JrZ3hEbG9ldGxFMTBQNWlxNm9ETUEwT1puMjRNNS13X2I0Vlk1OVg3UGtrNXRDcVpkVEFyMUVRVk04XzhjVTZOSkh0U2FrWjVTcHNnMUZFXw== returned response: <Response [200]>
2021-01-07 16:18:10,159 - instabot version: 0.117.0 (api) - DEBUG - GET to endpoint: friendships/2064291933/followers/?rank_token=45361583113_bd0ef4e1-44be-4ceb-8351-401dae49ff50&max_id=QVFCY1MxSHk1U28tc3JRc2tNeXJvZHU5alNHZGJUb0RYMEZpeHc4T0RPTWFkZnZJVy1fWDVvYjBJZ2oyTURCVHFFSTd2NnMtMXZxWExPWkhQVHNtRkN5QQ== returned response: <Response [200]>
2021-01-07 16:18:10,663 - instabot version: 0.117.0 (api) - DEBUG - GET to endpoint: friendships/2064291933/followers/?rank_token=45361583113_bd0ef4e1-44be-4ceb-8351-401dae49ff50&max_id=QVFDblJITHpSbnVVZTBiRmpyLVZkODlrV096ZXlkbDY2UVJLUWdDY3ZESFlDRWZid3Y5Yl9XV3lDNW1aVDdtWnZpMVQ5c0hFcVQyVTZSUEVZb3hEclVnUw== returned response: <Response [200]>
2021-01-07 16:18:11,188 - instabot version: 0.117.0 (api) - DEBUG - GET to endpoint: friendships/2064291933/followers/?rank_token=45361583113_bd0ef4e1-44be-4ceb-8351-401dae49ff50&max_id=QVFDQXozYi03QUtPbTE0cXBUS0FNRktJY0ZqcVMtOERMdjJxcXZiN0NiQ3FPUWRaeklCdHBDM3hvQV9nekJfbEtqb3VleTRPNDdrM21Dc2JoYklYTm5DVw== returned response: <Response [200]>
2021-01-07 16:18:11,783 - instabot version: 0.117.0 (api) - DEBUG - GET to endpoint: friendships/2064291933/followers/?rank_token=45361583113_bd0ef4e1-44be-4ceb-8351-401dae49ff50&max_id=QVFBM2VycFFCbXVXUWd0bzlGT25iV1E3SkZfR2tNdFJ2VFdXZmtrdlh2RHBxREt4SXc3bXVjMjRHMFJoR1pXcVl2eVg4VEF6em01Zlh4R0lBWFhrbWwxNw== returned response: <Response [200]>
2021-01-07 16:18:12,291 - instabot version: 0.117.0 (api) - DEBUG - GET to endpoint: friendships/2064291933/followers/?rank_token=45361583113_bd0ef4e1-44be-4ceb-8351-401dae49ff50&max_id=QVFEaTBrUmcxZFE4Yjl5dGN0UW1ncm5wakctaXczVnJ1aUs1RTU4U1dYUFNHRWxCbFd3VGZMcVhscHYwVGJGTnZsNFRrdlN3UEdwQTVtbGsxVUs5TVE5Qw== returned response: <Response [200]>
2021-01-07 16:18:12,789 - instabot version: 0.117.0 (api) - DEBUG - GET to endpoint: friendships/2064291933/followers/?rank_token=45361583113_bd0ef4e1-44be-4ceb-8351-401dae49ff50&max_id=QVFEUjJrZmMxQzlhV3o4NWdBUkhlUTlmOElqMzN5cTR4OWxvQ3JZLWtWOXRpdElLbEw3Wk9YUTR2aElCT0lRQ1RWNmdkS0NETXRxZzB5RnFCbGN4cFBnTg== returned response: <Response [200]>
2021-01-07 16:18:13,901 - instabot version: 0.117.0 (api) - DEBUG - GET to endpoint: friendships/2064291933/followers/?rank_token=45361583113_bd0ef4e1-44be-4ceb-8351-401dae49ff50&max_id=QVFBZFNNX0dUcUVlQmpyZDRfUm51aEMxejBpSHl0TXFfd3FWc01iTTN0TDNxZnE5b2p4RW84ZG8yY2tzWVl6NDJMazNnMDg2dU9PNlp5S3BUNlhSd29qSQ== returned response: <Response [200]>
2021-01-07 16:18:14,388 - instabot version: 0.117.0 (api) - DEBUG - GET to endpoint: friendships/2064291933/followers/?rank_token=45361583113_bd0ef4e1-44be-4ceb-8351-401dae49ff50&max_id=QVFEaTNVVW5GUS16MGVmaG5VeFh4cm9zb296YWpVRVlDc3VGUU9JNVhoOEY5VW5GYWVxdFBsemlObFFoUS03Skg0TlFmNzFOYmR1R2YtS0JSNzV4WVlyUA== returned response: <Response [200]>
2021-01-07 16:18:14,872 - instabot version: 0.117.0 (api) - DEBUG - GET to endpoint: friendships/2064291933/followers/?rank_token=45361583113_bd0ef4e1-44be-4ceb-8351-401dae49ff50&max_id=QVFDSmRzem5sV3BXN1lNdFp5aVB3eHRLWmY0aFdIU1ZNdHY1TGhvcl9PbVdWZDlOSTRoSUZ4enF4aVJ5c0pRSTZpUWViUXF0MXVodFZDMzFpZE0xcEVONQ== returned response: <Response [200]>
2021-01-07 16:18:15,376 - instabot version: 0.117.0 (api) - DEBUG - GET to endpoint: friendships/2064291933/followers/?rank_token=45361583113_bd0ef4e1-44be-4ceb-8351-401dae49ff50&max_id=QVFDdFF0SEVQSlBDdndYbFRaZGs4MENJZHJ3a2FrREhRNmJxRzJCQ1ItVXR6RHg3RFpadGNnVDVFLVQ5N0RKS3E5QXlvMDNVc1NpWjB2Zm1GZGlWT0tHYw== returned response: <Response [200]>
2021-01-07 16:18:15,840 - instabot version: 0.117.0 (api) - DEBUG - GET to endpoint: friendships/2064291933/followers/?rank_token=45361583113_bd0ef4e1-44be-4ceb-8351-401dae49ff50&max_id=QVFCejhXZnZzNFZ0TkVqVjVlMEZNMDdzclkxZnhtZ2R3SFZ2ckdxZGYwR1pibE9HNmVKUlZ0b0RiYTF5TGplalhyN080UjZGc1dZa2dydms1NHFEVTlBWQ== returned response: <Response [200]>
2021-01-07 16:18:16,370 - instabot version: 0.117.0 (api) - DEBUG - GET to endpoint: friendships/2064291933/followers/?rank_token=45361583113_bd0ef4e1-44be-4ceb-8351-401dae49ff50&max_id=QVFBQUIwM0w4cmFEbkk4alFFai1IQ2ltUEhKV2lONWIweDc3RGZqQkFvUm56TEU0SFdNOTU3aTVaeFYzbGw3TFZFSXduSU8zRU90YVBCb1BVNjN2Z1RYdg== returned response: <Response [200]>
2021-01-07 16:18:16,861 - instabot version: 0.117.0 (api) - DEBUG - GET to endpoint: friendships/2064291933/followers/?rank_token=45361583113_bd0ef4e1-44be-4ceb-8351-401dae49ff50&max_id=QVFBYUFmOUxKWDF5dGxjQ0tQV2tTdkoxNThMWFV0ZkV3WlBOM0paYTl1ZFRCM2YzNUp3QjdLN3ZYTXlwTUJZZkxnVG53SXJrWnUwdmdPRThoakw5MkVfcQ== returned response: <Response [200]>
2021-01-07 16:18:17,394 - instabot version: 0.117.0 (api) - DEBUG - GET to endpoint: friendships/2064291933/followers/?rank_token=45361583113_bd0ef4e1-44be-4ceb-8351-401dae49ff50&max_id=QVFCT1VtRWxXeEFldHBFMWNTNUt4QkVlb3pLMm0tbURURC1SaV9PT2FieEdyaE9hWk92c2YxUmtXYWJYSTAyTV94MlhrU1cwWm1SbVdEdUdYQ2NBMHJHMA== returned response: <Response [200]>
2021-01-07 16:18:17,987 - instabot version: 0.117.0 (api) - DEBUG - GET to endpoint: friendships/2064291933/followers/?rank_token=45361583113_bd0ef4e1-44be-4ceb-8351-401dae49ff50&max_id=QVFETHhrS2NtazZoNU54dExXODBKV0xmT0JScGd6eWNTYkVDMU9rNG1kRGxva2lCUlRXTDRTZDVaT0o4V0ZlNk9VTTJPcGZteXJSN3BZdzRMOVcwczA3WQ== returned response: <Response [200]>
2021-01-07 16:18:18,532 - instabot version: 0.117.0 (api) - DEBUG - GET to endpoint: friendships/2064291933/followers/?rank_token=45361583113_bd0ef4e1-44be-4ceb-8351-401dae49ff50&max_id=QVFBLThKa1dLYXNDdjJrbHNLWkdvOHVQSGJXZ2FnX2FJcXpNX0QtN0ZjQUN2Zk5VUTZjMTd2M0FmTVQxR0VYLWg3N3dqY2xuY0pRcHNiZk1MeWtnaThJaA== returned response: <Response [200]>
2021-01-07 16:18:19,016 - instabot version: 0.117.0 (api) - DEBUG - GET to endpoint: friendships/2064291933/followers/?rank_token=45361583113_bd0ef4e1-44be-4ceb-8351-401dae49ff50&max_id=QVFCUXFfaDhLSnF1cTZCZzBFZ1hPQW1GY0g4Rkx2VFgzSnUtcGF3Z0stQ2ZuNk9HRlltb1pnZGw5N3k1ZldzdlhaWEFvZDJsdGxCNUlxazVDM3g3MFhZTw== returned response: <Response [200]>
2021-01-07 16:18:19,549 - instabot version: 0.117.0 (api) - DEBUG - GET to endpoint: friendships/2064291933/followers/?rank_token=45361583113_bd0ef4e1-44be-4ceb-8351-401dae49ff50&max_id=QVFEZ29MaWdVOVBwYkQ2ckVTZ1lJWGJPOG1SRnZoY1FEdXZmTllMNjQyY0dPUDdKSDV0WEhIc1JrYnZwQ3BVQ19waFAyN2FOU2hmdEFiSVViQmRiNWlkaQ== returned response: <Response [200]>
2021-01-07 16:18:20,033 - instabot version: 0.117.0 (api) - DEBUG - GET to endpoint: friendships/2064291933/followers/?rank_token=45361583113_bd0ef4e1-44be-4ceb-8351-401dae49ff50&max_id=QVFDd1dVM1V0TVBoQXJuNksxU0U5aElkbmJaaXYtX0UwYWxla0lwUjdMZl9qRl9rX2k0UGlHSTloNkxuRlF6aVNGbVFBUWV1eFB0X0JTMDIwQnhTc3JORg== returned response: <Response [200]>
2021-01-07 16:18:20,514 - instabot version: 0.117.0 (api) - DEBUG - GET to endpoint: friendships/2064291933/followers/?rank_token=45361583113_bd0ef4e1-44be-4ceb-8351-401dae49ff50&max_id=QVFEZE5VZTZyYUtlUEhhXzRBMGVGNW9jb1J6Z3AzeDBPU2NGV09JeThsUjh4ZmdPYnVlV3Vha3NzVWtMakF2VEROS1FaSnEtR0NqeFZyWGJHVHBFTXhIcg== returned response: <Response [200]>
2021-01-07 16:18:21,006 - instabot version: 0.117.0 (api) - DEBUG - GET to endpoint: friendships/2064291933/followers/?rank_token=45361583113_bd0ef4e1-44be-4ceb-8351-401dae49ff50&max_id=QVFESFo0aU9CUWI4M2UzcUx3cHFMeHhBUWlOTDd5ZXlsVzZ4cVZWVUZlaGhnVlJNNzA0c1ZHZVpXaDFCU0pIeFB2VmF0c3JfR2gtdGw5RnJBQnJzeFdXZg== returned response: <Response [200]>
2021-01-07 16:18:21,479 - instabot version: 0.117.0 (api) - DEBUG - GET to endpoint: friendships/2064291933/followers/?rank_token=45361583113_bd0ef4e1-44be-4ceb-8351-401dae49ff50&max_id=QVFDWmhMQ3NDZFpkb2lPMUkwSzh6eVRDVlliS2pCM2gwZGVPQ0FxWTh2OHZScGpIaDUtNEZHaXZyWElpcjc0S0JjcE1iTnRrblg2SlRIcGpvbVA5c1JLZg== returned response: <Response [200]>
2021-01-07 16:18:21,949 - instabot version: 0.117.0 (api) - DEBUG - GET to endpoint: friendships/2064291933/followers/?rank_token=45361583113_bd0ef4e1-44be-4ceb-8351-401dae49ff50&max_id=QVFBSExsRll1a21KYjJ1YWVYZEdWeXRKUjNEdy1rRzh3bEtXaFhQejM2RWJVSTJYMWVxODgwSFJqblhqZGp4TUowckJxcWFFUDEtQlp3UHRPTzNBMERrOA== returned response: <Response [200]>
2021-01-07 16:18:22,398 - instabot version: 0.117.0 (api) - DEBUG - GET to endpoint: friendships/2064291933/followers/?rank_token=45361583113_bd0ef4e1-44be-4ceb-8351-401dae49ff50&max_id=QVFEZ0FENUktd3VDd1pnS1VQSU5zc0M0end0eE9Cc2ZIUG8wXzViR2t5akNKcjZqN21xRFZldWRPR0hyTmRVQzdRT01PRzVmZWRNenVJYlBQeTlmaUZZeA== returned response: <Response [200]>
2021-01-07 16:18:22,885 - instabot version: 0.117.0 (api) - DEBUG - GET to endpoint: friendships/2064291933/followers/?rank_token=45361583113_bd0ef4e1-44be-4ceb-8351-401dae49ff50&max_id=QVFDb0FpdW1Cbjk1VURxWkRQNkY2cTZSSTE3ajVvNll2SHhPbTRBVmVjZ3I4MlQwM0RMRlBvSkZMNGtwMHBqWnFFWGhkLVFYWFhmY2tFS09Ta3A5M3ktWg== returned response: <Response [200]>
2021-01-07 16:18:23,334 - instabot version: 0.117.0 (api) - DEBUG - GET to endpoint: friendships/2064291933/followers/?rank_token=45361583113_bd0ef4e1-44be-4ceb-8351-401dae49ff50&max_id=QVFDSjF0dVl3VVN1VXlXOW1hVzBkT01KVnRGa3F4dm01MmFjQ0Nza3ZjSHdiRUlyelltek1rRU9Cd2NsN3dxMzJyR1RzSUxtendJTTVCNXRiWlZuSm1ndg== returned response: <Response [200]>
2021-01-07 16:18:23,797 - instabot version: 0.117.0 (api) - DEBUG - GET to endpoint: friendships/2064291933/followers/?rank_token=45361583113_bd0ef4e1-44be-4ceb-8351-401dae49ff50&max_id=QVFEeHpfa2I1ck1GNUVFaW00ZGxJM0hnNlJxdnZkQl9OQmUwT3pMM1QydVNsLURGUDhuM3pFX2pRblNvRUl6MDlSMEQtZWpuVkNXNjBXRFhmNm5WQVRXMg== returned response: <Response [200]>
2021-01-07 16:18:24,272 - instabot version: 0.117.0 (api) - DEBUG - GET to endpoint: friendships/2064291933/followers/?rank_token=45361583113_bd0ef4e1-44be-4ceb-8351-401dae49ff50&max_id=QVFDU2ZRS1VUci1SanFPeC1WX0VJM3R2NmluV3FweDVGbnVKYjc5YUxKaXhESUdlcjZReVVYYi11T0NqYlNwd0tTSzRfQXduODdsOFc3a1BoOXlwWXBzTw== returned response: <Response [200]>
2021-01-07 16:18:24,750 - instabot version: 0.117.0 (api) - DEBUG - GET to endpoint: friendships/2064291933/followers/?rank_token=45361583113_bd0ef4e1-44be-4ceb-8351-401dae49ff50&max_id=QVFEUHF4MU40WmZiMnY4ajQtbFF4MF9EZ0RJdm02ZTdmMndoZjJtRGpzNWgtSUlndTNVV05tckltWDRvQkZtWFdlcmJkOG1SWXh2dTYxQ3NWRXlyZm00NQ== returned response: <Response [200]>
2021-01-07 16:18:25,221 - instabot version: 0.117.0 (api) - DEBUG - GET to endpoint: friendships/2064291933/followers/?rank_token=45361583113_bd0ef4e1-44be-4ceb-8351-401dae49ff50&max_id=QVFDejl2dVhLem1fNllVemVpRnFGTS0tRUJrM3pSM2l5d2NpOWlHZWwxWjNWM1BYNmFQSm80TzBqb0d1TUc0aWhYdjBhakw4NzRuQXdEeVg0T0RKWUxFMw== returned response: <Response [200]>
2021-01-07 16:18:27,920 - instabot version: 0.117.0 (api) - DEBUG - GET to endpoint: friendships/2064291933/followers/?rank_token=45361583113_bd0ef4e1-44be-4ceb-8351-401dae49ff50&max_id=QVFBTHFHVWtNeWhPd3lpXzRPd3FUTjlNeFZsTHlkZGhodmpOaWpYUTJCT2trSXR0c0xrUGR6N0YxWnc3OEI1aFZ0eV9NV0U1SWhCUDMyZEUyQkVBMmx3SQ== returned response: <Response [200]>
2021-01-07 16:18:28,503 - instabot version: 0.117.0 (api) - DEBUG - GET to endpoint: friendships/2064291933/followers/?rank_token=45361583113_bd0ef4e1-44be-4ceb-8351-401dae49ff50&max_id=QVFENGU2Sm1FeWVpVmNITVpWUzhDV0dnN0M4eGNSQzBTRlV6cElwZWhtclhRN0dlbUxzTHFEMVo1b05VdXQ5UGJ6bUY1SEhnM1haTUd3THlBNGlna1VKcA== returned response: <Response [200]>
2021-01-07 16:18:28,516 - instabot version: 0.117.0 (bot_follow) - INFO - Going to follow 10000 users.
2021-01-07 16:18:28,519 - instabot version: 0.117.0 (bot_follow) - INFO - Going to follow `user_id` 44768705133.
2021-01-07 16:18:28,520 - instabot version: 0.117.0 (api) - DEBUG - post data: {"user_id": "44768705133", "radio_type": "wifi-none", "device_id": "android-1e84d9294a1eb5d7", "_uuid": "bd0ef4e1-44be-4ceb-8351-401dae49ff50", "_uid": "45361583113", "_csrftoken": "1RQ8hSJII5OMtycjke7Wah7ccciphmlt"}
2021-01-07 16:18:29,564 - instabot version: 0.117.0 (api) - DEBUG - POST to endpoint: friendships/create/44768705133/ returned response: <Response [200]>
2021-01-07 16:18:29,564 - instabot version: 0.117.0 (bot_follow) - INFO - Followed `user_id` 44768705133.
2021-01-07 16:18:30,498 - instabot version: 0.117.0 (api) - DEBUG - GET to endpoint: users/45361583113/info/ returned response: <Response [200]>
2021-01-07 16:18:30,856 - instabot version: 0.117.0 (api) - DEBUG - GET to endpoint: friendships/45361583113/following/?max_id=&ig_sig_key_version=4&rank_token=45361583113_bd0ef4e1-44be-4ceb-8351-401dae49ff50 returned response: <Response [200]>
2021-01-07 16:18:30,857 - instabot version: 0.117.0 (bot_follow) - INFO - Going to follow `user_id` 294027208.
2021-01-07 16:21:59,038 - instabot version: 0.117.0 (api) - DEBUG - post data: {"user_id": "294027208", "radio_type": "wifi-none", "device_id": "android-1e84d9294a1eb5d7", "_uuid": "bd0ef4e1-44be-4ceb-8351-401dae49ff50", "_uid": "45361583113", "_csrftoken": "1RQ8hSJII5OMtycjke7Wah7ccciphmlt"}
2021-01-07 16:22:04,378 - instabot version: 0.117.0 (api) - DEBUG - POST to endpoint: friendships/create/294027208/ returned response: <Response [200]>
2021-01-07 16:22:04,378 - instabot version: 0.117.0 (bot_follow) - INFO - Followed `user_id` 294027208.
2021-01-07 16:22:04,384 - instabot version: 0.117.0 (bot_follow) - INFO - Going to follow `user_id` 7190444860.
2021-01-07 16:26:14,852 - instabot version: 0.117.0 (api) - DEBUG - post data: {"user_id": "7190444860", "radio_type": "wifi-none", "device_id": "android-1e84d9294a1eb5d7", "_uuid": "bd0ef4e1-44be-4ceb-8351-401dae49ff50", "_uid": "45361583113", "_csrftoken": "1RQ8hSJII5OMtycjke7Wah7ccciphmlt"}
2021-01-07 16:26:15,755 - instabot version: 0.117.0 (api) - DEBUG - POST to endpoint: friendships/create/7190444860/ returned response: <Response [200]>
2021-01-07 16:26:15,756 - instabot version: 0.117.0 (bot_follow) - INFO - Followed `user_id` 7190444860.
2021-01-07 16:26:15,762 - instabot version: 0.117.0 (bot_follow) - INFO - Going to follow `user_id` 3077354743.
2021-01-07 16:33:55,280 - instabot version: 0.117.0 (api) - DEBUG - post data: {"user_id": "3077354743", "radio_type": "wifi-none", "device_id": "android-1e84d9294a1eb5d7", "_uuid": "bd0ef4e1-44be-4ceb-8351-401dae49ff50", "_uid": "45361583113", "_csrftoken": "1RQ8hSJII5OMtycjke7Wah7ccciphmlt"}
2021-01-07 16:33:56,352 - instabot version: 0.117.0 (api) - DEBUG - POST to endpoint: friendships/create/3077354743/ returned response: <Response [200]>
2021-01-07 16:33:56,352 - instabot version: 0.117.0 (bot_follow) - INFO - Followed `user_id` 3077354743.
2021-01-07 16:33:56,360 - instabot version: 0.117.0 (bot_follow) - INFO - Going to follow `user_id` 4580793614.
2021-01-07 16:36:16,090 - instabot version: 0.117.0 (api) - DEBUG - post data: {"user_id": "4580793614", "radio_type": "wifi-none", "device_id": "android-1e84d9294a1eb5d7", "_uuid": "bd0ef4e1-44be-4ceb-8351-401dae49ff50", "_uid": "45361583113", "_csrftoken": "1RQ8hSJII5OMtycjke7Wah7ccciphmlt"}
2021-01-07 16:36:18,076 - instabot version: 0.117.0 (api) - DEBUG - POST to endpoint: friendships/create/4580793614/ returned response: <Response [200]>
2021-01-07 16:36:18,076 - instabot version: 0.117.0 (bot_follow) - INFO - Followed `user_id` 4580793614.
2021-01-07 16:36:18,086 - instabot version: 0.117.0 (bot_follow) - INFO - Going to follow `user_id` 4041144333.
2021-01-07 16:43:00,280 - instabot version: 0.117.0 (api) - DEBUG - post data: {"user_id": "4041144333", "radio_type": "wifi-none", "device_id": "android-1e84d9294a1eb5d7", "_uuid": "bd0ef4e1-44be-4ceb-8351-401dae49ff50", "_uid": "45361583113", "_csrftoken": "1RQ8hSJII5OMtycjke7Wah7ccciphmlt"}
2021-01-07 16:43:01,746 - instabot version: 0.117.0 (api) - DEBUG - POST to endpoint: friendships/create/4041144333/ returned response: <Response [200]>
2021-01-07 16:43:01,747 - instabot version: 0.117.0 (bot_follow) - INFO - Followed `user_id` 4041144333.
2021-01-07 16:43:01,770 - instabot version: 0.117.0 (bot_follow) - INFO - Going to follow `user_id` 5797540488.
2021-01-07 16:48:44,452 - instabot version: 0.117.0 (api) - DEBUG - post data: {"user_id": "5797540488", "radio_type": "wifi-none", "device_id": "android-1e84d9294a1eb5d7", "_uuid": "bd0ef4e1-44be-4ceb-8351-401dae49ff50", "_uid": "45361583113", "_csrftoken": "1RQ8hSJII5OMtycjke7Wah7ccciphmlt"}
2021-01-07 16:48:45,830 - instabot version: 0.117.0 (api) - DEBUG - POST to endpoint: friendships/create/5797540488/ returned response: <Response [200]>
2021-01-07 16:48:45,830 - instabot version: 0.117.0 (bot_follow) - INFO - Followed `user_id` 5797540488.
2021-01-07 16:48:45,832 - instabot version: 0.117.0 (bot_follow) - INFO - Going to follow `user_id` 8479397290.
2021-01-07 16:52:33,173 - instabot version: 0.117.0 (api) - DEBUG - post data: {"user_id": "8479397290", "radio_type": "wifi-none", "device_id": "android-1e84d9294a1eb5d7", "_uuid": "bd0ef4e1-44be-4ceb-8351-401dae49ff50", "_uid": "45361583113", "_csrftoken": "1RQ8hSJII5OMtycjke7Wah7ccciphmlt"}
2021-01-07 16:52:35,412 - instabot version: 0.117.0 (api) - DEBUG - POST to endpoint: friendships/create/8479397290/ returned response: <Response [200]>
2021-01-07 16:52:35,412 - instabot version: 0.117.0 (bot_follow) - INFO - Followed `user_id` 8479397290.
2021-01-07 16:52:35,425 - instabot version: 0.117.0 (bot_follow) - INFO - Going to follow `user_id` 6850493036.
2021-01-07 16:58:06,925 - instabot version: 0.117.0 (api) - DEBUG - post data: {"user_id": "6850493036", "radio_type": "wifi-none", "device_id": "android-1e84d9294a1eb5d7", "_uuid": "bd0ef4e1-44be-4ceb-8351-401dae49ff50", "_uid": "45361583113", "_csrftoken": "1RQ8hSJII5OMtycjke7Wah7ccciphmlt"}
2021-01-07 16:58:08,254 - instabot version: 0.117.0 (api) - DEBUG - POST to endpoint: friendships/create/6850493036/ returned response: <Response [200]>
2021-01-07 16:58:08,254 - instabot version: 0.117.0 (bot_follow) - INFO - Followed `user_id` 6850493036.
2021-01-07 16:58:08,268 - instabot version: 0.117.0 (bot_follow) - INFO - Going to follow `user_id` 2259423148.
2021-01-07 17:04:24,326 - instabot version: 0.117.0 (api) - DEBUG - post data: {"user_id": "2259423148", "radio_type": "wifi-none", "device_id": "android-1e84d9294a1eb5d7", "_uuid": "bd0ef4e1-44be-4ceb-8351-401dae49ff50", "_uid": "45361583113", "_csrftoken": "1RQ8hSJII5OMtycjke7Wah7ccciphmlt"}
2021-01-07 17:04:25,161 - instabot version: 0.117.0 (api) - DEBUG - POST to endpoint: friendships/create/2259423148/ returned response: <Response [200]>
2021-01-07 17:04:25,161 - instabot version: 0.117.0 (bot_follow) - INFO - Followed `user_id` 2259423148.
2021-01-07 17:04:25,168 - instabot version: 0.117.0 (bot_follow) - INFO - Going to follow `user_id` 2680188314.
2021-01-07 17:10:44,946 - instabot version: 0.117.0 (api) - DEBUG - post data: {"user_id": "2680188314", "radio_type": "wifi-none", "device_id": "android-1e84d9294a1eb5d7", "_uuid": "bd0ef4e1-44be-4ceb-8351-401dae49ff50", "_uid": "45361583113", "_csrftoken": "1RQ8hSJII5OMtycjke7Wah7ccciphmlt"}
2021-01-07 17:10:46,392 - instabot version: 0.117.0 (api) - DEBUG - POST to endpoint: friendships/create/2680188314/ returned response: <Response [200]>
2021-01-07 17:10:46,392 - instabot version: 0.117.0 (bot_follow) - INFO - Followed `user_id` 2680188314.
2021-01-07 17:10:46,444 - instabot version: 0.117.0 (bot_follow) - INFO - Going to follow `user_id` 5893332565.
2021-01-07 17:14:40,188 - instabot version: 0.117.0 (api) - DEBUG - post data: {"user_id": "5893332565", "radio_type": "wifi-none", "device_id": "android-1e84d9294a1eb5d7", "_uuid": "bd0ef4e1-44be-4ceb-8351-401dae49ff50", "_uid": "45361583113", "_csrftoken": "1RQ8hSJII5OMtycjke7Wah7ccciphmlt"}
2021-01-07 17:14:43,716 - instabot version: 0.117.0 (api) - DEBUG - POST to endpoint: friendships/create/5893332565/ returned response: <Response [200]>
2021-01-07 17:14:43,716 - instabot version: 0.117.0 (bot_follow) - INFO - Followed `user_id` 5893332565.
2021-01-07 17:14:43,730 - instabot version: 0.117.0 (bot_follow) - INFO - Going to follow `user_id` 7172513364.
